<?xml version="1.0" encoding="UTF-8"?>
<testng-results ignored="0" total="1" passed="1" failed="0" skipped="0">
  <reporter-output>
  </reporter-output>
  <suite started-at="2021-08-30T21:14:18 IST" name="Default suite" finished-at="2021-08-30T21:14:50 IST" duration-ms="32185">
    <groups>
    </groups>
    <test started-at="2021-08-30T21:14:18 IST" name="Default test" finished-at="2021-08-30T21:14:50 IST" duration-ms="32185">
      <class name="UserActions.TransferMoney">
        <test-method signature="TransferMoney()[pri:0, instance:UserActions.TransferMoney@366647c2]" started-at="2021-08-30T21:14:18 IST" name="TransferMoney" finished-at="2021-08-30T21:14:50 IST" duration-ms="32127" status="PASS">
          <reporter-output>
          </reporter-output>
        </test-method> <!-- TransferMoney -->
      </class> <!-- UserActions.TransferMoney -->
    </test> <!-- Default test -->
  </suite> <!-- Default suite -->
</testng-results>
