<?xml version="1.0" encoding="UTF-8"?>
<!-- Generated by org.testng.reporters.JUnitReportReporter -->
<testsuite skipped="7" hostname="LAPTOP-AFKI2CGS" name="firsttestngpackage.AdminAutomation" tests="8" failures="0" timestamp="2021-08-30T20:30:49 IST" time="0.011" errors="1">
  <testcase name="launchBrowser" time="0.011" classname="firsttestngpackage.AdminAutomation">
    <error type="java.lang.NoClassDefFoundError" message="org/openqa/selenium/remote/RemoteWebDriver">
      <![CDATA[java.lang.NoClassDefFoundError: org/openqa/selenium/remote/RemoteWebDriver
at java.lang.ClassLoader.defineClass1(Native Method)
at java.lang.ClassLoader.defineClass(Unknown Source)
at java.security.SecureClassLoader.defineClass(Unknown Source)
at java.net.URLClassLoader.defineClass(Unknown Source)
at java.net.URLClassLoader.access$100(Unknown Source)
at java.net.URLClassLoader$1.run(Unknown Source)
at java.net.URLClassLoader$1.run(Unknown Source)
at java.security.AccessController.doPrivileged(Native Method)
at java.net.URLClassLoader.findClass(Unknown Source)
at java.lang.ClassLoader.loadClass(Unknown Source)
at sun.misc.Launcher$AppClassLoader.loadClass(Unknown Source)
at java.lang.ClassLoader.loadClass(Unknown Source)
at firsttestngpackage.AdminAutomation.launchBrowser(AdminAutomation.java:27)
at sun.reflect.NativeMethodAccessorImpl.invoke0(Native Method)
at sun.reflect.NativeMethodAccessorImpl.invoke(Unknown Source)
at sun.reflect.DelegatingMethodAccessorImpl.invoke(Unknown Source)
at java.lang.reflect.Method.invoke(Unknown Source)
at org.testng.internal.MethodInvocationHelper.invokeMethod(MethodInvocationHelper.java:133)
at org.testng.internal.MethodInvocationHelper.invokeMethodConsideringTimeout(MethodInvocationHelper.java:62)
at org.testng.internal.ConfigInvoker.invokeConfigurationMethod(ConfigInvoker.java:385)
at org.testng.internal.ConfigInvoker.invokeConfigurations(ConfigInvoker.java:321)
at org.testng.TestRunner.invokeTestConfigurations(TestRunner.java:637)
at org.testng.TestRunner.beforeRun(TestRunner.java:627)
at org.testng.TestRunner.run(TestRunner.java:589)
at org.testng.SuiteRunner.runTest(SuiteRunner.java:377)
at org.testng.SuiteRunner.runSequentially(SuiteRunner.java:371)
at org.testng.SuiteRunner.privateRun(SuiteRunner.java:332)
at org.testng.SuiteRunner.run(SuiteRunner.java:276)
at org.testng.SuiteRunnerWorker.runSuite(SuiteRunnerWorker.java:53)
at org.testng.SuiteRunnerWorker.run(SuiteRunnerWorker.java:96)
at org.testng.TestNG.runSuitesSequentially(TestNG.java:1212)
at org.testng.TestNG.runSuitesLocally(TestNG.java:1134)
at org.testng.TestNG.runSuites(TestNG.java:1063)
at org.testng.TestNG.run(TestNG.java:1031)
at org.testng.remote.AbstractRemoteTestNG.run(AbstractRemoteTestNG.java:115)
at org.testng.remote.RemoteTestNG.initAndRun(RemoteTestNG.java:251)
at org.testng.remote.RemoteTestNG.main(RemoteTestNG.java:77)
Caused by: java.lang.ClassNotFoundException: org.openqa.selenium.remote.RemoteWebDriver
at java.net.URLClassLoader.findClass(Unknown Source)
at java.lang.ClassLoader.loadClass(Unknown Source)
at sun.misc.Launcher$AppClassLoader.loadClass(Unknown Source)
at java.lang.ClassLoader.loadClass(Unknown Source)
... 37 more
]]>
    </error>
  </testcase> <!-- launchBrowser -->
  <system-out/>
  <testcase name="login_Pass" time="0.000" classname="firsttestngpackage.AdminAutomation">
    <skipped/>
  </testcase> <!-- login_Pass -->
  <system-out/>
  <testcase name="useraccount_login_enabling" time="0.000" classname="firsttestngpackage.AdminAutomation">
    <skipped/>
  </testcase> <!-- useraccount_login_enabling -->
  <system-out/>
  <testcase name="useraccount_features" time="0.000" classname="firsttestngpackage.AdminAutomation">
    <skipped/>
  </testcase> <!-- useraccount_features -->
  <system-out/>
  <testcase name="authorization" time="0.000" classname="firsttestngpackage.AdminAutomation">
    <skipped/>
  </testcase> <!-- authorization -->
  <system-out/>
  <testcase name="checkbookRequests" time="0.000" classname="firsttestngpackage.AdminAutomation">
    <skipped/>
  </testcase> <!-- checkbookRequests -->
  <system-out/>
  <testcase name="logout" time="0.000" classname="firsttestngpackage.AdminAutomation">
    <skipped/>
  </testcase> <!-- logout -->
  <system-out/>
  <testcase name="login_Fail" time="0.000" classname="firsttestngpackage.AdminAutomation">
    <skipped/>
  </testcase> <!-- login_Fail -->
  <system-out/>
</testsuite> <!-- firsttestngpackage.AdminAutomation -->
